



















HSCoin version v1.2.3.1-beta (2014-01-18 17:20:29 -0800)
Startup time: 01/27/14 21:30:08
Default data directory /root/.HSCoin
Used data directory /root/.HSCoin
Bound to [::]:9393
Bound to 0.0.0.0:9393
Loading block index...
dbenv.open LogDir=/root/.HSCoin/database ErrorFile=/root/.HSCoin/db.log
d61d28764416fd6b35142dfa8282bdd9ec69fe0964ccbb92d2296c325510a9b6
351c6703813172725c6d660aa539ee6a3d7a9fe784c87fae7f36582e3b797058
f61eab29dffc70c024b96f38b06f9ea7341591634c95c894a37bc66a9a4a128e
Searching for genesis block...
nonce 00308000: hash = 3fdb7dab9f0408d5aca00d916cfb3425b25999ba57dc704673778ea47b683639 (target = 00000ffff0000000000000000000000000000000000000000000000000000000)
nonce 00309000: hash = 83044f2064bf8261d8217e858e5e84c3f1f80ddf1b43f11385203f6ea7827edd (target = 00000ffff0000000000000000000000000000000000000000000000000000000)
nonce 0030A000: hash = f583a50fc2fa58af7e34b97a4b22c586466098c52e2c23f6c173a5150dc47e65 (target = 00000ffff0000000000000000000000000000000000000000000000000000000)
nonce 0030B000: hash = 54976dd745dcdae9061b320188ef99d5b2a5cb05374a40ab9980a565eef39d10 (target = 00000ffff0000000000000000000000000000000000000000000000000000000)
nonce 0030C000: hash = 1f3f7ff95212d267b85f600408800c141ae6af5c2aebc1c0bdde29336098a180 (target = 00000ffff0000000000000000000000000000000000000000000000000000000)
nonce 0030D000: hash = 1a5616ea58faedb49d12d340d7412cde8aecc13f321394d3d3a8fd42c7eaef84 (target = 00000ffff0000000000000000000000000000000000000000000000000000000)
nonce 0030E000: hash = 58aa000ee98f77394cfdcf3b95afb548e01f1b24c40913f94e544e50d311d935 (target = 00000ffff0000000000000000000000000000000000000000000000000000000)
nonce 0030F000: hash = e60f5d5c1eec84ff260a5cfcb46df7678359758dcfb3af098f6919f72e912583 (target = 00000ffff0000000000000000000000000000000000000000000000000000000)
nonce 00310000: hash = 8c20d72d748fc42ea60960449488d861efbf3a3b36f46df3a4a4be2b341c3552 (target = 00000ffff0000000000000000000000000000000000000000000000000000000)
nonce 00311000: hash = 906114449a91d766fae86c1decc5916529c08d8efcef03243adce41888b69b2e (target = 00000ffff0000000000000000000000000000000000000000000000000000000)
nonce 00312000: hash = a3578cd0933b70319bfa4d91b724dae7c66d0b6455b0b9fb9b2ea18971c95955 (target = 00000ffff0000000000000000000000000000000000000000000000000000000)
nonce 00313000: hash = 883f5ab8a9e48535665608fc59aefc2ce3707f3ebe9efc78ac40ca238b27c9e2 (target = 00000ffff0000000000000000000000000000000000000000000000000000000)
nonce 00314000: hash = a1100eab21f8c17aa7ba6ae9cb5d64cbbb34758ef4757e0b17b29ae539d020f0 (target = 00000ffff0000000000000000000000000000000000000000000000000000000)
nonce 00315000: hash = c39e83e91ee7369fbdca6572cf446b7546abfa5eb465870a55c33cbd810c8bd1 (target = 00000ffff0000000000000000000000000000000000000000000000000000000)
nonce 00316000: hash = 6db2e689609280b5fe9963d569c13d9d60a7f823858d1603988da928840c8f0d (target = 00000ffff0000000000000000000000000000000000000000000000000000000)
nonce 00317000: hash = 141c94730248828fb3c6422ca257df76f92ea6e45a8f2af31152c36530ca9cea (target = 00000ffff0000000000000000000000000000000000000000000000000000000)
nonce 00318000: hash = 15b6fc0402ff7cf0a9579f4a82b2ebeb12e8548cb7519ae60310fcf14bf3e6f8 (target = 00000ffff0000000000000000000000000000000000000000000000000000000)
nonce 00319000: hash = b686686e010d82d2654aceb9e406b793b5004b14f1524fbe5309f24d8c4eebae (target = 00000ffff0000000000000000000000000000000000000000000000000000000)
nonce 0031A000: hash = cd2b021059cf0d4c8ee4334a972abc58fc166472f5cacff604534c17bede0307 (target = 00000ffff0000000000000000000000000000000000000000000000000000000)
nonce 0031B000: hash = fcae03518703fdc2ff3503e60d09030bf190d28d887195ca05ac9b2ac3b457c7 (target = 00000ffff0000000000000000000000000000000000000000000000000000000)
nonce 0031C000: hash = 56995ef29d22483cd2a4a9d729d0260c89b14158e5ed7ebec2a91a2f14f1b06c (target = 00000ffff0000000000000000000000000000000000000000000000000000000)
nonce 0031D000: hash = 937f433e2aba91b1dd13e65c35f84ce707b24ff41961c1dda6cf36b4ce94b24a (target = 00000ffff0000000000000000000000000000000000000000000000000000000)
nonce 0031E000: hash = c0576b30930252237ca4947d8b4fe925fa2fc7d30d6ef40bef38cd289e87a990 (target = 00000ffff0000000000000000000000000000000000000000000000000000000)
nonce 0031F000: hash = 7f9b54b7165adc22998fb539ce4b7d75776b09025a56c45043c8ae42898a4827 (target = 00000ffff0000000000000000000000000000000000000000000000000000000)
nonce 00320000: hash = 87aeba07b065b83ab4c81d3eafd2e96a9a4d9febfac9e1a65a5c89c4c6d2a54e (target = 00000ffff0000000000000000000000000000000000000000000000000000000)
nonce 00321000: hash = 74f2f275bc9f7e126d0819bc61636bb56b3da37fadbd9d8868a9ef5eadcfa356 (target = 00000ffff0000000000000000000000000000000000000000000000000000000)
nonce 00322000: hash = a7a48734be5382e4c281dc76b834dd7aa8c2e0d4a73f92a85f2f53e143ba925c (target = 00000ffff0000000000000000000000000000000000000000000000000000000)
nonce 00323000: hash = ced430c199c86e9daf12627e4ecfd01ad44e342530359687bd1c2aeffc5f84ec (target = 00000ffff0000000000000000000000000000000000000000000000000000000)
nonce 00324000: hash = 77739de6f42c040fa03ac869da1bb1fa2b0b7c7c8c17655d74857627d3a8dbff (target = 00000ffff0000000000000000000000000000000000000000000000000000000)
nonce 00325000: hash = 44f2917ff4d95dcd29a7821ea089cc2e282264b83981af99b4a69ce8e5adbe80 (target = 00000ffff0000000000000000000000000000000000000000000000000000000)
nonce 00326000: hash = ad5312fba3cd39dcadc71336e93945cfcfa3b68207849346bf0963e07b4db406 (target = 00000ffff0000000000000000000000000000000000000000000000000000000)
nonce 00327000: hash = 69eb1ab6c835dbc7a05e3dad8c69a26697649c241517110f327edb8651c0a499 (target = 00000ffff0000000000000000000000000000000000000000000000000000000)
nonce 00328000: hash = ff1222833cac968a0d22a118da8a73551817bf76f5eb07fb484353478faf401a (target = 00000ffff0000000000000000000000000000000000000000000000000000000)
nonce 00329000: hash = 42709ce93a4b1722494bf34891b0840af1463a9773cfa644b3b16475098ea622 (target = 00000ffff0000000000000000000000000000000000000000000000000000000)
nonce 0032A000: hash = 4d1adf9177eab511ce33ed7079d7e52a4eeb2975d030b8e2cdd049b614aa2ef3 (target = 00000ffff0000000000000000000000000000000000000000000000000000000)
nonce 0032B000: hash = 7b6beaf7e9600923ad2fc003e4edff77dc7af0b8c75ed2cd42bf964fc09bcd42 (target = 00000ffff0000000000000000000000000000000000000000000000000000000)
nonce 0032C000: hash = 07855f9ca03481787968581e00e1a0d59e2c5714d51318257f9746d13f07091b (target = 00000ffff0000000000000000000000000000000000000000000000000000000)
nonce 0032D000: hash = 6c8641fc2cf0cf6a40e2c22fdf24db32f2cfd3e26fb552750707b5be2f485e01 (target = 00000ffff0000000000000000000000000000000000000000000000000000000)
nonce 0032E000: hash = 4b6c4ce950d2c831704a083abfda66f6c7635c1f5f0aa0174af5bbe45f36f7e8 (target = 00000ffff0000000000000000000000000000000000000000000000000000000)
nonce 0032F000: hash = 5e01b9488961a83ae836d7233398b974235e45c036aea1aafacf39de78d96fb4 (target = 00000ffff0000000000000000000000000000000000000000000000000000000)
nonce 00330000: hash = 1f4e755f1234aa4ecbf416a42cd607d94b7f0a0029e2fb8d65d0f47eaab8d20a (target = 00000ffff0000000000000000000000000000000000000000000000000000000)
nonce 00331000: hash = 3bb51ea361a71d54594977e00b104132885ad1743037903ad64a2d9b57ccc6e8 (target = 00000ffff0000000000000000000000000000000000000000000000000000000)
nonce 00332000: hash = 9460b7a473fbfd3f6ae1a3529d0901d8b0e94243f442287ef29933fbb4206603 (target = 00000ffff0000000000000000000000000000000000000000000000000000000)
nonce 00333000: hash = 2b54968a633849a937875564f304a43a118134044efd142ef1a5fd55d4f76b86 (target = 00000ffff0000000000000000000000000000000000000000000000000000000)
nonce 00334000: hash = 6aa46d7599190717c429f3a29cecd48215b1ee8a0bf04d07eac264f1f6e4e3b7 (target = 00000ffff0000000000000000000000000000000000000000000000000000000)
nonce 00335000: hash = 13603cb0c5ee1210dc58ad7eeb046e3c7a331053327f50a307876fcd0f237f08 (target = 00000ffff0000000000000000000000000000000000000000000000000000000)
nonce 00336000: hash = 052d9f33521f152bfc41db1a02a40e5c473b4b722e8f7cef616fa3c0d3bc0960 (target = 00000ffff0000000000000000000000000000000000000000000000000000000)
nonce 00337000: hash = 4d27a25a874569bb06c49f78e7d899f6e1992b6dd1f077c9977e3bf3b9631361 (target = 00000ffff0000000000000000000000000000000000000000000000000000000)
nonce 00338000: hash = 892e4d2eb4bf868d0f467a46dd4ba314d0fe5c628d343623178bdc7f3b997dfc (target = 00000ffff0000000000000000000000000000000000000000000000000000000)
nonce 00339000: hash = 09c66670c2b38e81254f49c762e3f14c405e2bf2766eeb54363a6b0c48d11b33 (target = 00000ffff0000000000000000000000000000000000000000000000000000000)
nonce 0033A000: hash = 8716d7015aa39c0eead1f897ed33827db5e52d65fb89db8806d0a08585591e6c (target = 00000ffff0000000000000000000000000000000000000000000000000000000)
nonce 0033B000: hash = 84a5f5beaf851931eda05dd95a2be8cd023be9c299f40d25e73d7fd212c526cf (target = 00000ffff0000000000000000000000000000000000000000000000000000000)
nonce 0033C000: hash = bd9f51f451a3dae18b44e0127516858b5993bb6509465d47a345933f5ab0e391 (target = 00000ffff0000000000000000000000000000000000000000000000000000000)
nonce 0033D000: hash = 6937cf1862c1fecfe8ba83cc283d5b60f9faa7a616ab1b5b06740d7899ca5113 (target = 00000ffff0000000000000000000000000000000000000000000000000000000)
nonce 0033E000: hash = 374fe088b5834f2c8fe91da71c9d492b74a85ee903bcbec01e5981f8f0ea42b3 (target = 00000ffff0000000000000000000000000000000000000000000000000000000)
nonce 0033F000: hash = 92faf5a63facdd18f75f70d3bb11ff529dc77fa3b0841f6a638475a6901ecf7a (target = 00000ffff0000000000000000000000000000000000000000000000000000000)
nonce 00340000: hash = 65957dc4765d21e2478657a6dec2db6a53bcb9be4dc06afb579f27d8033f2f1b (target = 00000ffff0000000000000000000000000000000000000000000000000000000)
nonce 00341000: hash = 5d8f3d172b7db5a8c2a2f205b0c193bd61a65813a210f286c65aa2ee5458b898 (target = 00000ffff0000000000000000000000000000000000000000000000000000000)
nonce 00342000: hash = 7889d473e4e57c2f909060dccd0f5a539d3c57c3b69cdbcbea0a5e9a6e8ed5d1 (target = 00000ffff0000000000000000000000000000000000000000000000000000000)
nonce 00343000: hash = dc19c24768faa165e965849508a8b1e016d205a5da2a1e6eee97ebd9cc140016 (target = 00000ffff0000000000000000000000000000000000000000000000000000000)
nonce 00344000: hash = 19d29ca8d95f33f9279dfc44fa3ccaa16e626bf6f017c61e3ffc977434c16546 (target = 00000ffff0000000000000000000000000000000000000000000000000000000)
nonce 00345000: hash = 583f13c4fb70cc05f67859d98d49e3dd338611988d57efe01775fba5b54d668d (target = 00000ffff0000000000000000000000000000000000000000000000000000000)
nonce 00346000: hash = e094ce154c0ed2d06627b0904408470e2ac11e3ed389b9244ebf0f8c24233e70 (target = 00000ffff0000000000000000000000000000000000000000000000000000000)
nonce 00347000: hash = 14b6fdd3e9598c9c92f85d4e289e4e9f91c80be94e6c7f2bffa1c3f4d7d25479 (target = 00000ffff0000000000000000000000000000000000000000000000000000000)
nonce 00348000: hash = efea8358f9ee2fc5b5eb13de966bdc09a02475e7b8b6fd70727d08cd7ca4f547 (target = 00000ffff0000000000000000000000000000000000000000000000000000000)
nonce 00349000: hash = d59f83bad246db59ed77ab81a1451af257b551028fa8eb488abaf3455a26f47e (target = 00000ffff0000000000000000000000000000000000000000000000000000000)
nonce 0034A000: hash = f2aae50410ebaa851d0657b445a281a9cabdc32af59efdf89189990d76bee00f (target = 00000ffff0000000000000000000000000000000000000000000000000000000)
nonce 0034B000: hash = c2e96e03222d43f5e660e3af7b7cd2c4cf3f7ec6eff7a0e7d1d7852d888501d0 (target = 00000ffff0000000000000000000000000000000000000000000000000000000)
nonce 0034C000: hash = ccf3726419f2be062ab02c2e83e53363f075211625f10d68b14e0b249c603c01 (target = 00000ffff0000000000000000000000000000000000000000000000000000000)
nonce 0034D000: hash = 4b854931d42b32f6e56e62e339d3c1b9aa9ea8f089590bf5dc4c23584b33d24f (target = 00000ffff0000000000000000000000000000000000000000000000000000000)
nonce 0034E000: hash = 54e89bdad872e544378aa5175bc2b530dd1290b576280868ad80f6206611963d (target = 00000ffff0000000000000000000000000000000000000000000000000000000)
nonce 0034F000: hash = e8ff149ce29cd8504d4fc628849143c7a1c9e64197d7cc9462eda730b48b8d7d (target = 00000ffff0000000000000000000000000000000000000000000000000000000)
nonce 00350000: hash = a0750036810b087132efac6ec132415b30e0e9c3b22ed093ee586c91ab5fd6a0 (target = 00000ffff0000000000000000000000000000000000000000000000000000000)
nonce 00351000: hash = c8fb93d61c22ee8fef3197e0817910960fc6fd78c3b882e3acca245d2fb2b973 (target = 00000ffff0000000000000000000000000000000000000000000000000000000)
nonce 00352000: hash = d27de39e97a43cf881fa9bda24d559e9ca400658a0c56bd0386fdecb1c4b3a17 (target = 00000ffff0000000000000000000000000000000000000000000000000000000)
nonce 00353000: hash = 8c128fdd12854e68dbd5175ba382d4c535abb4224a4fc8f40e28cf931ee527b4 (target = 00000ffff0000000000000000000000000000000000000000000000000000000)
nonce 00354000: hash = bf6ecb0d39c943b27786d9b46ef2458919fd44368e00408b4bf073084f031a50 (target = 00000ffff0000000000000000000000000000000000000000000000000000000)
nonce 00355000: hash = 2a91464e45ccb89c305aa2e20979cb981a9da256144ae2c760540f930667e2f5 (target = 00000ffff0000000000000000000000000000000000000000000000000000000)
nonce 00356000: hash = 9329b76a31bb0b5ab577ee2393d565b451094c157bf262e528885adbf11bb504 (target = 00000ffff0000000000000000000000000000000000000000000000000000000)
nonce 00357000: hash = 4e57d4b869eab96fe742d8e84f04f7627fe39e26ca7b54fb653b6360fe0e4d2b (target = 00000ffff0000000000000000000000000000000000000000000000000000000)
nonce 00358000: hash = e3e5f0613bf06f42af10092bd1198d8b671035b38ab145e8e3544b8d09d73ae3 (target = 00000ffff0000000000000000000000000000000000000000000000000000000)
nonce 00359000: hash = fbaed54c94a2b6e98921bf74a59a5adc676a9dfbe448c4fa3a65760d65382e42 (target = 00000ffff0000000000000000000000000000000000000000000000000000000)
nonce 0035A000: hash = c40912844778697ac9cf287b998b48a1e6cceee9dba96a0971ba7f6190875965 (target = 00000ffff0000000000000000000000000000000000000000000000000000000)
nonce 0035B000: hash = a170ed8b97e8727454e4019d32b25b08a5bbecf11e2b6d0d692d4a2a09a5063b (target = 00000ffff0000000000000000000000000000000000000000000000000000000)
nonce 0035C000: hash = 3a378303daf94dd616c19f1737409ce37de714830a15fb1209afa4026840dde0 (target = 00000ffff0000000000000000000000000000000000000000000000000000000)
nonce 0035D000: hash = 661055f96cdfa42ecfd48333a043f594adf9102ec58bde8e5340afa005ec8fdf (target = 00000ffff0000000000000000000000000000000000000000000000000000000)
nonce 0035E000: hash = 73d20a8e99ed0902d4023b270f6a1a65812c544ab98bb8362b183ea239c2615e (target = 00000ffff0000000000000000000000000000000000000000000000000000000)
nonce 0035F000: hash = 28482b9f24c331d4698a302b2aae90d88b6a5b0dd7a5031f78aa89ecf3df0bc5 (target = 00000ffff0000000000000000000000000000000000000000000000000000000)
nonce 00360000: hash = 4cc804ceb7fd9d0b5156b53e70439720e7aa90f78a870cd4ed5cfcd12294d4b4 (target = 00000ffff0000000000000000000000000000000000000000000000000000000)
nonce 00361000: hash = 7dd820268b93768500d1feedcf1095cce20ce3b3a4e09732a96021e233979df9 (target = 00000ffff0000000000000000000000000000000000000000000000000000000)
nonce 00362000: hash = b0ad93f94c6f71cffdd5f3fef22512cdfe7c2ec3ac14748deb093e10436e0367 (target = 00000ffff0000000000000000000000000000000000000000000000000000000)
nonce 00363000: hash = fe7bcffefff855de74cb15e93be478a691586b4db4affaebd094034e2aebe7ba (target = 00000ffff0000000000000000000000000000000000000000000000000000000)
nonce 00364000: hash = 4b7a65986914852ddb1b2b2e1404194cb8bd26580de7e5b29390a9f26387f1ca (target = 00000ffff0000000000000000000000000000000000000000000000000000000)
nonce 00365000: hash = eae474bfc4aa641b32070ad9d60c53a80e8cc496440ebcee62ff5d54aaf6ad6d (target = 00000ffff0000000000000000000000000000000000000000000000000000000)
nonce 00366000: hash = b240acfdcce3084278b2089198d209bf49eb128f92fd9ddc4ea20745bf79c3d0 (target = 00000ffff0000000000000000000000000000000000000000000000000000000)
nonce 00367000: hash = 4788c93981bd94a7dda2da04cf88e3534dce5e7b19dfebd747fcde2fbc0d193b (target = 00000ffff0000000000000000000000000000000000000000000000000000000)
nonce 00368000: hash = d9f7c6d61ea02d88f1660f0fcf617eaddaafaa5590944164aea6c58863975cd9 (target = 00000ffff0000000000000000000000000000000000000000000000000000000)
nonce 00369000: hash = 47c2f564cbc3ab294658a279f120dab8d0678d0dfe2438864480adb834a16905 (target = 00000ffff0000000000000000000000000000000000000000000000000000000)
nonce 0036A000: hash = bfbc4dff65552da8e7bef923a59bd5eb5b0589f8186ac7bacb260ec63ccef8b7 (target = 00000ffff0000000000000000000000000000000000000000000000000000000)
nonce 0036B000: hash = 7d74c040e30f61758c7371d66217030ad84dcee3009f87f3f10442186ea8faff (target = 00000ffff0000000000000000000000000000000000000000000000000000000)
nonce 0036C000: hash = b800ec2329147cb4e6ece06e4bf3490c1e5b903fe322b5900e9e8d9c3f65a520 (target = 00000ffff0000000000000000000000000000000000000000000000000000000)
nonce 0036D000: hash = f9f3e71d2d1153740da018b33b80f802c6f0abd927cb5207ff73a8b881dcc131 (target = 00000ffff0000000000000000000000000000000000000000000000000000000)
nonce 0036E000: hash = a329e21d726a4999e97612091533c759c4fdf0f850f4a45de9faa26f3eb555e6 (target = 00000ffff0000000000000000000000000000000000000000000000000000000)
nonce 0036F000: hash = 4fac3a946038cee79e4ea828d9b5d19e16da1ce0ede1979b20fb2794e35699ca (target = 00000ffff0000000000000000000000000000000000000000000000000000000)
nonce 00370000: hash = 74b5068598012f9fe8af0c2357e06b866e1bdeabf9fe3bc23b1035a275a881d6 (target = 00000ffff0000000000000000000000000000000000000000000000000000000)
nonce 00371000: hash = 368095b4a6c1e37860d53ffaea70c1e7d3172c814eb54e79ce1b64e71159f60a (target = 00000ffff0000000000000000000000000000000000000000000000000000000)
nonce 00372000: hash = 089cce876a4a95e6d6ff51eb02ff93ae47a39ad9713cd51722b71ea4bdbef856 (target = 00000ffff0000000000000000000000000000000000000000000000000000000)
nonce 00373000: hash = 0446c6b1bbc8c48690fdf6126c63651255172d88d071ea9f1b2694a10f1482b1 (target = 00000ffff0000000000000000000000000000000000000000000000000000000)
nonce 00374000: hash = 0f027cd1712ed6c012d010c178395f87a85bb86651bd44858e0ba9f3cbd49c40 (target = 00000ffff0000000000000000000000000000000000000000000000000000000)
nonce 00375000: hash = 32ac02bcb25112d2758c6da2bc20691fa2ce51832f24ffc05c70b351122306c7 (target = 00000ffff0000000000000000000000000000000000000000000000000000000)
nonce 00376000: hash = f75b8f1c92dc8f01184a0b076ec02a4336a92146455e7302210ed90c7e4208c0 (target = 00000ffff0000000000000000000000000000000000000000000000000000000)
nonce 00377000: hash = a2f07c534a650008dd66cbeffc3bfb564b054a32635897303c5f706a48490937 (target = 00000ffff0000000000000000000000000000000000000000000000000000000)
nonce 00378000: hash = 7ec8ef4a9b612711df784c7060271946853469c5501edf7139a3ace598eeb582 (target = 00000ffff0000000000000000000000000000000000000000000000000000000)
nonce 00379000: hash = efe9a7e1fd7522c969dc6fb9223d7eaa27f067223d1e05c8f7cfad1b6c24d8a6 (target = 00000ffff0000000000000000000000000000000000000000000000000000000)
nonce 0037A000: hash = 675452f510891fcc1746a52cdeeca8cc64dbfc610716f54e91af501a79f34913 (target = 00000ffff0000000000000000000000000000000000000000000000000000000)
nonce 0037B000: hash = aa00b634550b98696afceab712cef1d10c16f659f7070d2d6132988ab6bf38fe (target = 00000ffff0000000000000000000000000000000000000000000000000000000)
nonce 0037C000: hash = e6fc507e06e34840e1e729fea4de44a6218c9ae8644c2293849d18e3e7fc683f (target = 00000ffff0000000000000000000000000000000000000000000000000000000)
nonce 0037D000: hash = d98eb2059baff6296586fd1afd73d21d55321582f268ca9300586ce74f5cbc1d (target = 00000ffff0000000000000000000000000000000000000000000000000000000)
nonce 0037E000: hash = 617f2c0d3b3efbd7ac1713d75863a99a48cb7a431b03df709f89209877a97cf6 (target = 00000ffff0000000000000000000000000000000000000000000000000000000)
nonce 0037F000: hash = 6ee043bc0e86357b139092b53cfe944cb5c56dde08978767178fb37c287344a5 (target = 00000ffff0000000000000000000000000000000000000000000000000000000)
nonce 00380000: hash = d8082331e38ff01c5b160da780b4ba2a3f3c6c081742206637f722581ff3c1da (target = 00000ffff0000000000000000000000000000000000000000000000000000000)
nonce 00381000: hash = b492e3975e8b8c1b713d46b279e0243ebcd4a1d2259cc095748edf89742e6f72 (target = 00000ffff0000000000000000000000000000000000000000000000000000000)
nonce 00382000: hash = 805236d854d30e380c2a953001b215a3249e2e2bde033b2b8de4f912dd6e2fa4 (target = 00000ffff0000000000000000000000000000000000000000000000000000000)
nonce 00383000: hash = 0fda62241f7039cca76e6530d8ffbf726ffaf6e6a539988b7478e07b97ea3e77 (target = 00000ffff0000000000000000000000000000000000000000000000000000000)
nonce 00384000: hash = 041b6ec314101a7a39f81be7924ac55cbe3965ebcbecfc3547c93c65f3af7979 (target = 00000ffff0000000000000000000000000000000000000000000000000000000)
nonce 00385000: hash = d93a32b209a7c0497fa2d660bc37afe7e9827bac145d4ee68bd212b11394122a (target = 00000ffff0000000000000000000000000000000000000000000000000000000)
nonce 00386000: hash = 78ef58adb02e211f5e5200b24bf1d8e7cfd6f2dc6317f92955ba7dde23cf9ec9 (target = 00000ffff0000000000000000000000000000000000000000000000000000000)
nonce 00387000: hash = 1df92a6128befa090d79425bb2c64009f68bdb1880556bf765805ea8ad3cd8df (target = 00000ffff0000000000000000000000000000000000000000000000000000000)
nonce 00388000: hash = b0db6627103341483a3c981212806a8bb26e988a5666ed4f565259c31cfc7085 (target = 00000ffff0000000000000000000000000000000000000000000000000000000)
nonce 00389000: hash = 99a47b698b914dc8624d72f6a1239529d30ccb990f6395b35039ffb7063b3b97 (target = 00000ffff0000000000000000000000000000000000000000000000000000000)
nonce 0038A000: hash = 7c80dffda24fc2763d19b4bd7afca8f2c73817812b5b4e4a3fea5eb7676215ab (target = 00000ffff0000000000000000000000000000000000000000000000000000000)
nonce 0038B000: hash = 35be3358cb4b27f04b6a48599eeef5539daffa185aa6135654a8e9a13f19a939 (target = 00000ffff0000000000000000000000000000000000000000000000000000000)
block.nTime = 1390207760 
block.nNonce = 3717114 
block.GetHash = 38ca517b8afb7601e6cc7b4a9fa23c5e236b54c73f849fad74113ec610d171d3
CBlock(hash=38ca517b8afb7601e6cc, PoW=00000c58fd48a6add63f, ver=1, hashPrevBlock=00000000000000000000, hashMerkleRoot=f61eab29df, nTime=1390207760, nBits=1e0ffff0, nNonce=3717114, vtx=1)
  CTransaction(hash=f61eab29df, ver=1, vin.size=1, vout.size=1, nLockTime=0)
    CTxIn(COutPoint(0000000000, -1), coinbase 04ffff001d01041d4c65747320736d6f6b6520736f6d6520636f696e7a7a7a7a2121212121)
    CTxOut(error)
  vMerkleTree: f61eab29df 
